[debug] [2021-03-11T21:40:41.646Z] ----------------------------------------------------------------------
[debug] [2021-03-11T21:40:41.648Z] Command:       /usr/bin/node /usr/bin/firebase init firestore
[debug] [2021-03-11T21:40:41.648Z] CLI Version:   9.6.0
[debug] [2021-03-11T21:40:41.648Z] Platform:      linux
[debug] [2021-03-11T21:40:41.648Z] Node Version:  v15.5.1
[debug] [2021-03-11T21:40:41.649Z] Time:          Thu Mar 11 2021 14:40:41 GMT-0700 (Mountain Standard Time)
[debug] [2021-03-11T21:40:41.649Z] ----------------------------------------------------------------------
[debug] [2021-03-11T21:40:41.649Z] 
[debug] [2021-03-11T21:40:41.656Z] > command requires scopes: ["email","openid","https://www.googleapis.com/auth/cloudplatformprojects.readonly","https://www.googleapis.com/auth/firebase","https://www.googleapis.com/auth/cloud-platform"]
[debug] [2021-03-11T21:40:41.658Z] > authorizing via signed-in user
[info] 
     ######## #### ########  ######## ########     ###     ######  ########
     ##        ##  ##     ## ##       ##     ##  ##   ##  ##       ##
     ######    ##  ########  ######   ########  #########  ######  ######
     ##        ##  ##    ##  ##       ##     ## ##     ##       ## ##
     ##       #### ##     ## ######## ########  ##     ##  ######  ########

You're about to initialize a Firebase project in this directory:

  /mnt/c/Users/hanse/dev/flatiron/Projects/amazon-clone

Before we get started, keep in mind:

  * You are currently outside your home directory
  * You are initializing in an existing Firebase project directory

[info] 
=== Project Setup
[info] 
[info] First, let's associate this project directory with a Firebase project.
[info] You can create multiple project aliases by running firebase use --add, 
[info] but for now we'll just set up a default project.
[info] 
[info] i  .firebaserc already has a default project, using clone-9a4b7. 
[debug] [2021-03-11T21:40:41.666Z] >>> [apiv2][query] GET https://firebase.googleapis.com/v1beta1/projects/clone-9a4b7 [none]
[debug] [2021-03-11T21:40:41.844Z] <<< [apiv2][status] GET https://firebase.googleapis.com/v1beta1/projects/clone-9a4b7 200
[debug] [2021-03-11T21:40:41.844Z] <<< [apiv2][body] GET https://firebase.googleapis.com/v1beta1/projects/clone-9a4b7 {"projectId":"clone-9a4b7","projectNumber":"749465910719","displayName":"Ecommerce-Site","name":"projects/clone-9a4b7","resources":{"hostingSite":"clone-9a4b7","storageBucket":"clone-9a4b7.appspot.com","locationId":"us-central"},"state":"ACTIVE"}
[info] 
=== Firestore Setup
[debug] [2021-03-11T21:40:41.846Z] > refreshing access token with scopes: ["email","https://www.googleapis.com/auth/cloud-platform","https://www.googleapis.com/auth/cloudplatformprojects.readonly","https://www.googleapis.com/auth/firebase","openid"]
[debug] [2021-03-11T21:40:41.846Z] >>> HTTP REQUEST POST https://www.googleapis.com/oauth2/v3/token  
 <request body omitted>
[debug] [2021-03-11T21:40:41.979Z] <<< HTTP RESPONSE 200 {"expires":"Mon, 01 Jan 1990 00:00:00 GMT","cache-control":"no-cache, no-store, max-age=0, must-revalidate","date":"Thu, 11 Mar 2021 21:40:41 GMT","pragma":"no-cache","content-type":"application/json; charset=utf-8","vary":"X-Origin, Referer, Origin,Accept-Encoding","server":"scaffolding on HTTPServer2","x-xss-protection":"0","x-frame-options":"SAMEORIGIN","x-content-type-options":"nosniff","alt-svc":"h3-29=\":443\"; ma=2592000,h3-T051=\":443\"; ma=2592000,h3-Q050=\":443\"; ma=2592000,h3-Q046=\":443\"; ma=2592000,h3-Q043=\":443\"; ma=2592000,quic=\":443\"; ma=2592000; v=\"46,43\"","accept-ranges":"none","transfer-encoding":"chunked"}
[debug] [2021-03-11T21:40:41.988Z] >>> HTTP REQUEST GET https://serviceusage.googleapis.com/v1/projects/clone-9a4b7/services/firestore.googleapis.com  
 
[debug] [2021-03-11T21:40:42.357Z] <<< HTTP RESPONSE 200 {"content-type":"application/json; charset=UTF-8","vary":"X-Origin, Referer, Origin,Accept-Encoding","date":"Thu, 11 Mar 2021 21:40:42 GMT","server":"ESF","cache-control":"private","x-xss-protection":"0","x-frame-options":"SAMEORIGIN","x-content-type-options":"nosniff","alt-svc":"h3-29=\":443\"; ma=2592000,h3-T051=\":443\"; ma=2592000,h3-Q050=\":443\"; ma=2592000,h3-Q046=\":443\"; ma=2592000,h3-Q043=\":443\"; ma=2592000,quic=\":443\"; ma=2592000; v=\"46,43\"","accept-ranges":"none","transfer-encoding":"chunked"}
[debug] [2021-03-11T21:40:42.360Z] >>> HTTP REQUEST GET https://appengine.googleapis.com/v1/apps/clone-9a4b7  
 
[debug] [2021-03-11T21:40:42.638Z] <<< HTTP RESPONSE 200 {"content-type":"application/json; charset=UTF-8","vary":"X-Origin, Referer, Origin,Accept-Encoding","date":"Thu, 11 Mar 2021 21:40:42 GMT","server":"ESF","cache-control":"private","x-xss-protection":"0","x-frame-options":"SAMEORIGIN","x-content-type-options":"nosniff","alt-svc":"h3-29=\":443\"; ma=2592000,h3-T051=\":443\"; ma=2592000,h3-Q050=\":443\"; ma=2592000,h3-Q046=\":443\"; ma=2592000,h3-Q043=\":443\"; ma=2592000,quic=\":443\"; ma=2592000; v=\"46,43\"","accept-ranges":"none","transfer-encoding":"chunked"}
[debug] [2021-03-11T21:40:42.640Z] database_type: CLOUD_FIRESTORE
[debug] [2021-03-11T21:40:42.641Z] > command requires scopes: ["email","openid","https://www.googleapis.com/auth/cloudplatformprojects.readonly","https://www.googleapis.com/auth/firebase","https://www.googleapis.com/auth/cloud-platform"]
[debug] [2021-03-11T21:40:42.646Z] > authorizing via signed-in user
[debug] [2021-03-11T21:40:42.646Z] [iam] checking project clone-9a4b7 for permissions ["firebase.projects.get"]
[debug] [2021-03-11T21:40:42.647Z] >>> HTTP REQUEST POST https://cloudresourcemanager.googleapis.com/v1/projects/clone-9a4b7:testIamPermissions  
 {"permissions":["firebase.projects.get"]}
[debug] [2021-03-11T21:40:42.861Z] <<< HTTP RESPONSE 200 {"content-type":"application/json; charset=UTF-8","vary":"X-Origin, Referer, Origin,Accept-Encoding","date":"Thu, 11 Mar 2021 21:40:42 GMT","server":"ESF","cache-control":"private","x-xss-protection":"0","x-frame-options":"SAMEORIGIN","x-content-type-options":"nosniff","server-timing":"gfet4t7; dur=106","alt-svc":"h3-29=\":443\"; ma=2592000,h3-T051=\":443\"; ma=2592000,h3-Q050=\":443\"; ma=2592000,h3-Q046=\":443\"; ma=2592000,h3-Q043=\":443\"; ma=2592000,quic=\":443\"; ma=2592000; v=\"46,43\"","accept-ranges":"none","transfer-encoding":"chunked"}
[info] 
[info] Firestore Security Rules allow you to define how and when to allow
[info] requests. You can keep these rules in your project directory
[info] and publish them with firebase deploy.
[info] 
